TN:
SF:C:\Users\CARBA\git\DeChat_es6b\src\polyfills.ts
FNF:0
FNH:0
DA:46,1
DA:74,1
LF:2
LH:2
BRF:0
BRH:0
end_of_record
TN:
SF:C:\Users\CARBA\git\DeChat_es6b\src\test.ts
FNF:0
FNH:0
DA:3,1
DA:4,1
DA:5,1
DA:13,1
DA:18,1
DA:20,1
LF:6
LH:6
BRF:0
BRH:0
end_of_record
TN:
SF:C:\Users\CARBA\git\DeChat_es6b\src\app\app.component.ts
FN:5,AppComponent
FNF:1
FNH:1
FNDA:3,AppComponent
DA:1,1
DA:10,1
DA:11,3
DA:12,1
LF:4
LH:4
BRF:0
BRH:0
end_of_record
TN:
SF:C:\Users\CARBA\git\DeChat_es6b\src\app\chat\chat.component.ts
FN:35,ChatComponent
FN:40,(anonymous_16)
FN:50,(anonymous_17)
FN:56,(anonymous_18)
FN:64,(anonymous_19)
FN:71,(anonymous_20)
FN:76,(anonymous_21)
FN:84,(anonymous_22)
FN:91,(anonymous_23)
FN:96,(anonymous_24)
FN:101,(anonymous_25)
FN:106,(anonymous_26)
FN:111,(anonymous_27)
FN:116,(anonymous_28)
FN:121,(anonymous_29)
FN:128,(anonymous_30)
FN:137,(anonymous_31)
FN:143,(anonymous_32)
FN:149,(anonymous_33)
FN:154,(anonymous_34)
FN:159,(anonymous_35)
FN:164,(anonymous_36)
FN:174,(anonymous_40)
FN:183,(anonymous_44)
FN:204,(anonymous_51)
FN:223,(anonymous_58)
FN:227,(anonymous_59)
FN:231,(anonymous_60)
FN:253,(anonymous_67)
FN:264,(anonymous_68)
FN:280,(anonymous_69)
FN:296,(anonymous_70)
FN:305,(anonymous_71)
FN:314,(anonymous_72)
FN:326,(anonymous_73)
FN:332,(anonymous_74)
FN:345,(anonymous_75)
FN:370,(anonymous_79)
FN:374,(anonymous_80)
FN:404,(anonymous_87)
FN:412,(anonymous_88)
FN:434,(anonymous_92)
FN:443,(anonymous_93)
FN:451,(anonymous_94)
FNF:44
FNH:0
FNDA:0,ChatComponent
FNDA:0,(anonymous_16)
FNDA:0,(anonymous_17)
FNDA:0,(anonymous_18)
FNDA:0,(anonymous_19)
FNDA:0,(anonymous_20)
FNDA:0,(anonymous_21)
FNDA:0,(anonymous_22)
FNDA:0,(anonymous_23)
FNDA:0,(anonymous_24)
FNDA:0,(anonymous_25)
FNDA:0,(anonymous_26)
FNDA:0,(anonymous_27)
FNDA:0,(anonymous_28)
FNDA:0,(anonymous_29)
FNDA:0,(anonymous_30)
FNDA:0,(anonymous_31)
FNDA:0,(anonymous_32)
FNDA:0,(anonymous_33)
FNDA:0,(anonymous_34)
FNDA:0,(anonymous_35)
FNDA:0,(anonymous_36)
FNDA:0,(anonymous_40)
FNDA:0,(anonymous_44)
FNDA:0,(anonymous_51)
FNDA:0,(anonymous_58)
FNDA:0,(anonymous_59)
FNDA:0,(anonymous_60)
FNDA:0,(anonymous_67)
FNDA:0,(anonymous_68)
FNDA:0,(anonymous_69)
FNDA:0,(anonymous_70)
FNDA:0,(anonymous_71)
FNDA:0,(anonymous_72)
FNDA:0,(anonymous_73)
FNDA:0,(anonymous_74)
FNDA:0,(anonymous_75)
FNDA:0,(anonymous_79)
FNDA:0,(anonymous_80)
FNDA:0,(anonymous_87)
FNDA:0,(anonymous_88)
FNDA:0,(anonymous_92)
FNDA:0,(anonymous_93)
FNDA:0,(anonymous_94)
DA:1,1
DA:2,1
DA:3,1
DA:5,1
DA:6,1
DA:7,1
DA:8,1
DA:19,1
DA:20,1
DA:21,0
DA:24,0
DA:26,0
DA:27,0
DA:32,0
DA:35,0
DA:36,0
DA:40,1
DA:42,0
DA:43,0
DA:47,0
DA:50,0
DA:51,0
DA:52,0
DA:56,0
DA:57,0
DA:59,0
DA:60,0
DA:64,0
DA:65,0
DA:67,0
DA:71,0
DA:72,0
DA:76,0
DA:77,0
DA:79,0
DA:83,0
DA:84,0
DA:85,0
DA:87,0
DA:91,0
DA:92,0
DA:96,0
DA:97,0
DA:101,0
DA:102,0
DA:106,0
DA:107,0
DA:111,0
DA:112,0
DA:116,0
DA:117,0
DA:121,0
DA:122,0
DA:123,0
DA:124,0
DA:128,0
DA:129,0
DA:130,0
DA:131,0
DA:132,0
DA:137,0
DA:138,0
DA:139,0
DA:143,0
DA:144,0
DA:145,0
DA:149,0
DA:150,0
DA:154,0
DA:155,0
DA:159,0
DA:160,0
DA:164,0
DA:165,0
DA:169,1
DA:170,0
DA:171,0
DA:174,1
DA:175,0
DA:178,1
DA:179,0
DA:180,0
DA:183,1
DA:184,0
DA:187,1
DA:189,0
DA:190,0
DA:191,0
DA:192,0
DA:193,0
DA:194,0
DA:198,1
DA:199,0
DA:200,0
DA:201,0
DA:204,1
DA:205,0
DA:206,0
DA:209,1
DA:210,0
DA:211,0
DA:212,0
DA:213,0
DA:217,1
DA:218,0
DA:219,0
DA:220,0
DA:223,1
DA:224,0
DA:227,1
DA:228,0
DA:231,1
DA:232,0
DA:235,1
DA:236,0
DA:237,0
DA:238,0
DA:239,0
DA:240,0
DA:244,1
DA:245,0
DA:246,0
DA:247,0
DA:248,0
DA:249,0
DA:253,1
DA:254,0
DA:255,0
DA:256,0
DA:264,1
DA:265,0
DA:266,0
DA:267,0
DA:268,0
DA:271,0
DA:272,0
DA:274,0
DA:280,1
DA:281,0
DA:282,0
DA:283,0
DA:284,0
DA:296,1
DA:297,0
DA:298,0
DA:299,0
DA:305,1
DA:306,0
DA:307,0
DA:308,0
DA:309,0
DA:314,1
DA:315,0
DA:317,0
DA:322,0
DA:326,1
DA:327,0
DA:332,1
DA:333,0
DA:334,0
DA:335,0
DA:339,0
DA:340,0
DA:345,1
DA:346,0
DA:347,0
DA:349,0
DA:350,0
DA:351,0
DA:354,0
DA:355,0
DA:359,1
DA:360,0
DA:361,0
DA:370,1
DA:371,0
DA:374,1
DA:375,0
DA:381,1
DA:382,0
DA:383,0
DA:384,0
DA:387,0
DA:394,1
DA:395,0
DA:396,0
DA:397,0
DA:400,0
DA:404,1
DA:405,0
DA:406,0
DA:408,0
DA:409,0
DA:412,1
DA:413,0
DA:414,0
DA:416,0
DA:417,0
DA:420,1
DA:421,0
DA:422,0
DA:423,0
DA:424,0
DA:426,0
DA:427,0
DA:434,1
DA:435,0
DA:436,0
DA:443,1
DA:444,0
DA:451,1
DA:452,0
DA:453,0
DA:455,0
DA:458,1
LF:215
LH:45
BRDA:42,0,0,0
BRDA:42,0,1,0
BRDA:129,1,0,0
BRDA:129,1,1,0
BRDA:189,2,0,0
BRDA:189,2,1,0
BRDA:192,3,0,0
BRDA:192,3,1,0
BRDA:210,4,0,0
BRDA:210,4,1,0
BRDA:224,5,0,0
BRDA:224,5,1,0
BRDA:228,6,0,0
BRDA:228,6,1,0
BRDA:267,7,0,0
BRDA:267,7,1,0
BRDA:267,8,0,0
BRDA:267,8,1,0
BRDA:271,9,0,0
BRDA:271,9,1,0
BRDA:298,10,0,0
BRDA:298,10,1,0
BRDA:298,11,0,0
BRDA:298,11,1,0
BRDA:315,12,0,0
BRDA:315,12,1,0
BRDA:315,13,0,0
BRDA:315,13,1,0
BRDA:317,14,0,0
BRDA:317,14,1,0
BRDA:328,15,0,0
BRDA:328,15,1,0
BRDA:327,16,0,0
BRDA:327,16,1,0
BRDA:333,17,0,0
BRDA:333,17,1,0
BRDA:339,18,0,0
BRDA:339,18,1,0
BRDA:346,19,0,0
BRDA:346,19,1,0
BRDA:354,20,0,0
BRDA:354,20,1,0
BRDA:384,21,0,0
BRDA:384,21,1,0
BRDA:384,21,2,0
BRDA:397,22,0,0
BRDA:397,22,1,0
BRDA:397,22,2,0
BRDA:435,23,0,0
BRDA:435,23,1,0
BRDA:436,24,0,0
BRDA:436,24,1,0
BRDA:452,25,0,0
BRDA:452,25,1,0
BRF:54
BRH:0
end_of_record
TN:
SF:C:\Users\CARBA\git\DeChat_es6b\src\app\models\chat-channel.model.ts
FN:4,(anonymous_0)
FN:13,ChatChannel
FN:24,(anonymous_2)
FN:28,(anonymous_3)
FN:29,(anonymous_4)
FNF:5
FNH:1
FNDA:1,(anonymous_0)
FNDA:0,ChatChannel
FNDA:0,(anonymous_2)
FNDA:0,(anonymous_3)
FNDA:0,(anonymous_4)
DA:1,1
DA:4,1
DA:13,0
DA:14,0
DA:16,0
DA:17,0
DA:18,0
DA:19,0
DA:20,0
DA:21,0
DA:24,1
DA:25,0
DA:28,1
DA:29,0
DA:31,1
LF:15
LH:5
BRDA:13,0,0,0
BRDA:13,0,1,0
BRDA:14,1,0,0
BRDA:14,1,1,0
BRDA:14,2,0,0
BRDA:14,2,1,0
BRDA:25,3,0,0
BRDA:25,3,1,0
BRF:8
BRH:0
end_of_record
TN:
SF:C:\Users\CARBA\git\DeChat_es6b\src\app\models\message.model.ts
FN:1,(anonymous_0)
FN:9,Message
FN:17,(anonymous_2)
FN:21,(anonymous_3)
FN:27,(anonymous_4)
FN:28,(anonymous_5)
FNF:6
FNH:4
FNDA:1,(anonymous_0)
FNDA:7,Message
FNDA:0,(anonymous_2)
FNDA:0,(anonymous_3)
FNDA:1,(anonymous_4)
FNDA:1,(anonymous_5)
DA:1,2
DA:9,14
DA:10,7
DA:11,7
DA:12,7
DA:13,7
DA:14,7
DA:17,1
DA:18,0
DA:21,1
DA:22,0
DA:25,1
DA:27,1
DA:28,1
DA:29,1
DA:30,1
LF:16
LH:14
BRDA:9,0,0,7
BRDA:9,0,1,0
BRDA:9,1,0,7
BRDA:9,1,1,0
BRDA:28,2,0,1
BRDA:28,2,1,1
BRDA:27,3,0,1
BRDA:27,3,1,0
BRF:8
BRH:5
end_of_record
TN:
SF:C:\Users\CARBA\git\DeChat_es6b\src\app\models\participant.model.ts
FN:1,(anonymous_0)
FN:7,Participant
FNF:2
FNH:1
FNDA:1,(anonymous_0)
FNDA:0,Participant
DA:1,1
DA:8,0
DA:9,0
DA:10,0
DA:13,1
LF:5
LH:2
BRF:0
BRH:0
end_of_record
TN:
SF:C:\Users\CARBA\git\DeChat_es6b\src\app\services\chat.service.ts
FN:37,ChatService
FN:88,(anonymous_40)
FN:99,(anonymous_44)
FN:107,(anonymous_45)
FN:115,(anonymous_46)
FN:116,(anonymous_47)
FN:132,(anonymous_48)
FN:140,(anonymous_49)
FN:141,(anonymous_50)
FN:194,(anonymous_60)
FN:266,(anonymous_70)
FN:270,(anonymous_71)
FN:319,(anonymous_81)
FN:342,(anonymous_85)
FN:351,(anonymous_86)
FN:430,(anonymous_96)
FN:445,(anonymous_97)
FN:458,(anonymous_98)
FN:470,(anonymous_99)
FN:476,(anonymous_100)
FNF:20
FNH:1
FNDA:1,ChatService
FNDA:0,(anonymous_40)
FNDA:0,(anonymous_44)
FNDA:0,(anonymous_45)
FNDA:0,(anonymous_46)
FNDA:0,(anonymous_47)
FNDA:0,(anonymous_48)
FNDA:0,(anonymous_49)
FNDA:0,(anonymous_50)
FNDA:0,(anonymous_60)
FNDA:0,(anonymous_70)
FNDA:0,(anonymous_71)
FNDA:0,(anonymous_81)
FNDA:0,(anonymous_85)
FNDA:0,(anonymous_86)
FNDA:0,(anonymous_96)
FNDA:0,(anonymous_97)
FNDA:0,(anonymous_98)
FNDA:0,(anonymous_99)
FNDA:0,(anonymous_100)
DA:1,1
DA:2,1
DA:4,1
DA:5,1
DA:7,1
DA:8,1
DA:12,1
DA:13,1
DA:14,1
DA:15,1
DA:17,1
DA:18,1
DA:19,1
DA:20,1
DA:21,1
DA:22,1
DA:28,1
DA:30,1
DA:31,1
DA:35,1
DA:37,1
DA:44,1
DA:45,0
DA:46,0
DA:48,0
DA:49,0
DA:50,0
DA:51,0
DA:52,0
DA:53,0
DA:56,0
DA:57,0
DA:58,0
DA:60,0
DA:61,0
DA:65,0
DA:66,0
DA:67,0
DA:68,0
DA:79,1
DA:81,0
DA:82,0
DA:83,0
DA:84,0
DA:88,1
DA:89,0
DA:95,1
DA:96,0
DA:97,0
DA:98,0
DA:99,0
DA:107,1
DA:108,0
DA:109,0
DA:115,1
DA:116,0
DA:117,0
DA:118,0
DA:119,0
DA:120,0
DA:121,0
DA:122,0
DA:124,0
DA:132,1
DA:133,0
DA:140,1
DA:141,0
DA:151,1
DA:154,0
DA:155,0
DA:157,0
DA:158,0
DA:162,0
DA:163,0
DA:164,0
DA:168,0
DA:169,0
DA:170,0
DA:173,0
DA:174,0
DA:175,0
DA:177,0
DA:178,0
DA:179,0
DA:180,0
DA:185,0
DA:193,1
DA:194,0
DA:195,0
DA:205,1
DA:208,0
DA:209,0
DA:211,0
DA:214,0
DA:215,0
DA:218,0
DA:222,0
DA:223,0
DA:224,0
DA:228,0
DA:229,0
DA:232,0
DA:233,0
DA:234,0
DA:238,0
DA:239,0
DA:240,0
DA:242,0
DA:243,0
DA:244,0
DA:246,0
DA:248,0
DA:254,0
DA:262,1
DA:263,0
DA:265,0
DA:266,0
DA:267,0
DA:270,0
DA:271,0
DA:272,0
DA:280,1
DA:281,0
DA:282,0
DA:284,0
DA:285,0
DA:295,1
DA:298,0
DA:299,0
DA:301,0
DA:304,0
DA:312,1
DA:313,0
DA:317,0
DA:318,0
DA:319,0
DA:322,0
DA:326,0
DA:328,0
DA:330,0
DA:339,1
DA:340,0
DA:341,0
DA:342,0
DA:345,0
DA:346,0
DA:349,0
DA:350,0
DA:351,0
DA:354,0
DA:358,0
DA:359,0
DA:361,0
DA:363,0
DA:375,1
DA:376,0
DA:377,0
DA:379,0
DA:380,0
DA:381,0
DA:384,0
DA:385,0
DA:388,0
DA:390,0
DA:393,0
DA:399,1
DA:400,0
DA:402,0
DA:403,0
DA:404,0
DA:405,0
DA:408,0
DA:410,0
DA:413,0
DA:419,1
DA:420,0
DA:421,0
DA:422,0
DA:430,1
DA:431,0
DA:432,0
DA:433,0
DA:434,0
DA:438,0
DA:445,1
DA:446,0
DA:447,0
DA:448,0
DA:451,0
DA:458,1
DA:459,0
DA:460,0
DA:461,0
DA:464,0
DA:470,1
DA:471,0
DA:472,0
DA:474,0
DA:475,0
DA:476,0
DA:477,0
DA:478,0
DA:483,0
DA:490,1
DA:492,0
DA:493,0
DA:496,0
DA:497,0
DA:504,1
DA:505,0
DA:507,0
DA:508,0
DA:511,0
DA:514,1
LF:214
LH:47
BRDA:117,0,0,0
BRDA:117,0,1,0
BRDA:117,1,0,0
BRDA:117,1,1,0
BRDA:119,2,0,0
BRDA:119,2,1,0
BRDA:119,3,0,0
BRDA:119,3,1,0
BRDA:121,4,0,0
BRDA:121,4,1,0
BRDA:121,5,0,0
BRDA:121,5,1,0
BRDA:162,6,0,0
BRDA:162,6,1,0
BRDA:222,7,0,0
BRDA:222,7,1,0
BRDA:375,8,0,0
BRDA:375,8,1,0
BRDA:379,9,0,0
BRDA:379,9,1,0
BRDA:380,10,0,0
BRDA:380,10,1,0
BRDA:380,11,0,0
BRDA:380,11,1,0
BRDA:399,12,0,0
BRDA:399,12,1,0
BRDA:433,13,0,0
BRDA:433,13,1,0
BRDA:433,14,0,0
BRDA:433,14,1,0
BRDA:433,14,2,0
BRDA:447,15,0,0
BRDA:447,15,1,0
BRDA:460,16,0,0
BRDA:460,16,1,0
BRDA:477,17,0,0
BRDA:477,17,1,0
BRDA:496,18,0,0
BRDA:496,18,1,0
BRDA:507,19,0,0
BRDA:507,19,1,0
BRF:41
BRH:0
end_of_record
TN:
SF:C:\Users\CARBA\git\DeChat_es6b\src\app\services\rdf.service.ts
FN:71,RdfService
FN:96,(anonymous_19)
FN:106,(anonymous_20)
FN:110,(anonymous_21)
FN:121,(anonymous_22)
FN:275,(anonymous_26)
FN:287,(anonymous_27)
FN:303,(anonymous_28)
FN:314,(anonymous_29)
FN:159,(anonymous_42)
FN:181,(anonymous_43)
FN:212,(anonymous_44)
FN:234,(anonymous_45)
FN:256,(anonymous_46)
FN:351,(anonymous_47)
FN:392,(anonymous_51)
FN:434,(anonymous_58)
FN:440,(anonymous_59)
FN:495,(anonymous_69)
FN:521,(anonymous_73)
FN:525,(anonymous_74)
FN:535,(anonymous_78)
FN:541,(anonymous_79)
FN:557,(anonymous_83)
FN:564,(anonymous_87)
FN:564,(anonymous_88)
FN:578,(anonymous_92)
FN:584,(anonymous_96)
FN:620,(anonymous_106)
FN:620,(anonymous_107)
FN:623,(anonymous_108)
FN:636,(anonymous_112)
FN:647,(anonymous_119)
FN:648,(anonymous_120)
FN:649,(anonymous_121)
FN:671,(anonymous_125)
FN:671,(anonymous_126)
FN:674,(anonymous_127)
FN:686,(anonymous_131)
FN:692,(anonymous_135)
FN:693,(anonymous_136)
FN:694,(anonymous_137)
FN:695,(anonymous_138)
FN:704,(anonymous_139)
FN:704,(anonymous_140)
FN:719,(anonymous_144)
FN:724,(anonymous_148)
FN:725,(anonymous_149)
FN:726,(anonymous_150)
FN:727,(anonymous_151)
FN:728,(anonymous_152)
FN:735,(anonymous_153)
FN:735,(anonymous_154)
FN:738,(anonymous_155)
FN:767,(anonymous_159)
FN:779,(anonymous_160)
FN:808,(anonymous_164)
FN:818,(anonymous_165)
FN:833,(anonymous_169)
FN:834,(anonymous_170)
FN:835,(anonymous_171)
FN:850,(anonymous_175)
FN:851,(anonymous_176)
FN:892,(anonymous_186)
FN:892,(anonymous_187)
FN:900,(anonymous_191)
FN:900,(anonymous_192)
FN:911,(anonymous_196)
FN:911,(anonymous_197)
FN:920,(anonymous_201)
FN:920,(anonymous_202)
FN:930,(anonymous_206)
FN:931,(anonymous_207)
FN:933,(anonymous_208)
FN:934,(anonymous_209)
FN:943,(anonymous_213)
FN:943,(anonymous_214)
FN:963,(anonymous_218)
FN:963,(anonymous_219)
FN:970,(anonymous_223)
FN:978,(anonymous_227)
FN:980,(anonymous_228)
FN:1024,(anonymous_232)
FN:1038,(anonymous_233)
FN:1051,(anonymous_234)
FN:1064,(anonymous_235)
FN:1113,(anonymous_245)
FNF:87
FNH:1
FNDA:1,RdfService
FNDA:0,(anonymous_19)
FNDA:0,(anonymous_20)
FNDA:0,(anonymous_21)
FNDA:0,(anonymous_22)
FNDA:0,(anonymous_26)
FNDA:0,(anonymous_27)
FNDA:0,(anonymous_28)
FNDA:0,(anonymous_29)
FNDA:0,(anonymous_42)
FNDA:0,(anonymous_43)
FNDA:0,(anonymous_44)
FNDA:0,(anonymous_45)
FNDA:0,(anonymous_46)
FNDA:0,(anonymous_47)
FNDA:0,(anonymous_51)
FNDA:0,(anonymous_58)
FNDA:0,(anonymous_59)
FNDA:0,(anonymous_69)
FNDA:0,(anonymous_73)
FNDA:0,(anonymous_74)
FNDA:0,(anonymous_78)
FNDA:0,(anonymous_79)
FNDA:0,(anonymous_83)
FNDA:0,(anonymous_87)
FNDA:0,(anonymous_88)
FNDA:0,(anonymous_92)
FNDA:0,(anonymous_96)
FNDA:0,(anonymous_106)
FNDA:0,(anonymous_107)
FNDA:0,(anonymous_108)
FNDA:0,(anonymous_112)
FNDA:0,(anonymous_119)
FNDA:0,(anonymous_120)
FNDA:0,(anonymous_121)
FNDA:0,(anonymous_125)
FNDA:0,(anonymous_126)
FNDA:0,(anonymous_127)
FNDA:0,(anonymous_131)
FNDA:0,(anonymous_135)
FNDA:0,(anonymous_136)
FNDA:0,(anonymous_137)
FNDA:0,(anonymous_138)
FNDA:0,(anonymous_139)
FNDA:0,(anonymous_140)
FNDA:0,(anonymous_144)
FNDA:0,(anonymous_148)
FNDA:0,(anonymous_149)
FNDA:0,(anonymous_150)
FNDA:0,(anonymous_151)
FNDA:0,(anonymous_152)
FNDA:0,(anonymous_153)
FNDA:0,(anonymous_154)
FNDA:0,(anonymous_155)
FNDA:0,(anonymous_159)
FNDA:0,(anonymous_160)
FNDA:0,(anonymous_164)
FNDA:0,(anonymous_165)
FNDA:0,(anonymous_169)
FNDA:0,(anonymous_170)
FNDA:0,(anonymous_171)
FNDA:0,(anonymous_175)
FNDA:0,(anonymous_176)
FNDA:0,(anonymous_186)
FNDA:0,(anonymous_187)
FNDA:0,(anonymous_191)
FNDA:0,(anonymous_192)
FNDA:0,(anonymous_196)
FNDA:0,(anonymous_197)
FNDA:0,(anonymous_201)
FNDA:0,(anonymous_202)
FNDA:0,(anonymous_206)
FNDA:0,(anonymous_207)
FNDA:0,(anonymous_208)
FNDA:0,(anonymous_209)
FNDA:0,(anonymous_213)
FNDA:0,(anonymous_214)
FNDA:0,(anonymous_218)
FNDA:0,(anonymous_219)
FNDA:0,(anonymous_223)
FNDA:0,(anonymous_227)
FNDA:0,(anonymous_228)
FNDA:0,(anonymous_232)
FNDA:0,(anonymous_233)
FNDA:0,(anonymous_234)
FNDA:0,(anonymous_235)
FNDA:0,(anonymous_245)
DA:1,1
DA:2,1
DA:8,1
DA:9,1
DA:13,1
DA:14,1
DA:15,1
DA:16,1
DA:19,1
DA:20,1
DA:21,1
DA:22,1
DA:23,1
DA:24,1
DA:25,1
DA:26,1
DA:27,1
DA:28,1
DA:29,1
DA:30,1
DA:31,1
DA:32,1
DA:33,1
DA:34,1
DA:35,1
DA:38,1
DA:39,1
DA:40,1
DA:49,1
DA:52,1
DA:61,1
DA:69,1
DA:71,1
DA:72,1
DA:73,1
DA:74,1
DA:75,1
DA:81,1
DA:82,1
DA:96,1
DA:97,0
DA:106,1
DA:107,0
DA:110,1
DA:111,0
DA:112,0
DA:113,0
DA:114,0
DA:121,0
DA:123,0
DA:124,0
DA:125,0
DA:127,0
DA:128,0
DA:131,0
DA:132,0
DA:136,0
DA:137,0
DA:138,0
DA:142,0
DA:143,0
DA:147,0
DA:148,0
DA:153,0
DA:159,1
DA:161,0
DA:164,0
DA:167,0
DA:170,0
DA:174,0
DA:175,0
DA:178,0
DA:181,1
DA:185,0
DA:187,0
DA:188,0
DA:189,0
DA:191,0
DA:193,0
DA:194,0
DA:195,0
DA:197,0
DA:199,0
DA:200,0
DA:203,0
DA:212,1
DA:215,0
DA:216,0
DA:219,0
DA:221,0
DA:222,0
DA:224,0
DA:225,0
DA:227,0
DA:228,0
DA:231,0
DA:234,1
DA:237,0
DA:238,0
DA:241,0
DA:243,0
DA:244,0
DA:246,0
DA:247,0
DA:249,0
DA:250,0
DA:253,0
DA:256,1
DA:257,0
DA:259,0
DA:262,0
DA:264,0
DA:268,1
DA:269,0
DA:270,0
DA:271,0
DA:274,0
DA:275,0
DA:276,0
DA:277,0
DA:278,0
DA:279,0
DA:281,0
DA:287,1
DA:288,0
DA:290,0
DA:291,0
DA:299,0
DA:303,1
DA:304,0
DA:306,0
DA:307,0
DA:310,0
DA:314,1
DA:315,0
DA:317,0
DA:318,0
DA:322,1
DA:324,0
DA:325,0
DA:329,0
DA:331,0
DA:341,0
DA:351,1
DA:352,0
DA:353,0
DA:354,0
DA:356,0
DA:385,1
DA:386,0
DA:387,0
DA:389,0
DA:390,0
DA:391,0
DA:392,0
DA:393,0
DA:394,0
DA:396,0
DA:398,0
DA:407,1
DA:408,0
DA:410,0
DA:412,0
DA:413,0
DA:414,0
DA:415,0
DA:417,0
DA:418,0
DA:419,0
DA:421,0
DA:430,1
DA:431,0
DA:432,0
DA:434,0
DA:435,0
DA:436,0
DA:437,0
DA:440,0
DA:441,0
DA:442,0
DA:453,1
DA:454,0
DA:456,0
DA:457,0
DA:459,0
DA:460,0
DA:461,0
DA:462,0
DA:463,0
DA:466,0
DA:467,0
DA:469,0
DA:479,1
DA:480,0
DA:482,0
DA:483,0
DA:485,0
DA:486,0
DA:487,0
DA:491,0
DA:492,0
DA:493,0
DA:495,0
DA:496,0
DA:497,0
DA:501,0
DA:503,0
DA:515,1
DA:516,0
DA:518,0
DA:520,0
DA:521,0
DA:522,0
DA:523,0
DA:525,0
DA:526,0
DA:527,0
DA:532,0
DA:534,0
DA:535,0
DA:536,0
DA:538,0
DA:539,0
DA:541,0
DA:542,0
DA:543,0
DA:553,1
DA:554,0
DA:555,0
DA:557,0
DA:558,0
DA:559,0
DA:564,0
DA:567,0
DA:575,1
DA:576,0
DA:578,0
DA:579,0
DA:580,0
DA:584,0
DA:596,1
DA:597,0
DA:598,0
DA:600,0
DA:601,0
DA:603,0
DA:604,0
DA:605,0
DA:606,0
DA:608,0
DA:609,0
DA:610,0
DA:613,0
DA:620,0
DA:623,0
DA:632,1
DA:633,0
DA:634,0
DA:636,0
DA:638,0
DA:639,0
DA:642,0
DA:643,0
DA:645,0
DA:646,0
DA:647,0
DA:648,0
DA:649,0
DA:652,0
DA:653,0
DA:654,0
DA:658,0
DA:659,0
DA:662,0
DA:664,0
DA:671,0
DA:674,0
DA:682,1
DA:683,0
DA:684,0
DA:686,0
DA:687,0
DA:688,0
DA:690,0
DA:692,0
DA:693,0
DA:694,0
DA:695,0
DA:696,0
DA:697,0
DA:698,0
DA:704,0
DA:707,0
DA:715,1
DA:716,0
DA:717,0
DA:719,0
DA:720,0
DA:721,0
DA:722,0
DA:724,0
DA:725,0
DA:726,0
DA:727,0
DA:728,0
DA:729,0
DA:735,0
DA:738,0
DA:741,0
DA:760,1
DA:761,0
DA:762,0
DA:764,0
DA:765,0
DA:767,0
DA:768,0
DA:769,0
DA:770,0
DA:771,0
DA:772,0
DA:773,0
DA:774,0
DA:775,0
DA:777,0
DA:779,0
DA:780,0
DA:781,0
DA:801,1
DA:802,0
DA:803,0
DA:805,0
DA:806,0
DA:808,0
DA:809,0
DA:810,0
DA:811,0
DA:812,0
DA:813,0
DA:814,0
DA:816,0
DA:818,0
DA:819,0
DA:820,0
DA:829,1
DA:830,0
DA:831,0
DA:833,0
DA:834,0
DA:835,0
DA:836,0
DA:839,0
DA:846,1
DA:847,0
DA:848,0
DA:850,0
DA:851,0
DA:852,0
DA:855,0
DA:862,1
DA:864,0
DA:865,0
DA:866,0
DA:867,0
DA:873,1
DA:874,0
DA:875,0
DA:878,0
DA:890,1
DA:891,0
DA:892,0
DA:899,1
DA:900,0
DA:909,1
DA:910,0
DA:911,0
DA:918,1
DA:919,0
DA:920,0
DA:929,1
DA:930,0
DA:931,0
DA:932,0
DA:933,0
DA:934,0
DA:941,1
DA:942,0
DA:943,0
DA:962,1
DA:963,0
DA:969,1
DA:970,0
DA:977,1
DA:978,0
DA:992,1
DA:993,1
DA:994,0
DA:995,0
DA:996,0
DA:1024,1
DA:1029,0
DA:1038,1
DA:1043,0
DA:1051,1
DA:1055,0
DA:1064,1
DA:1072,0
DA:1080,1
DA:1083,0
DA:1084,0
DA:1093,1
DA:1094,0
DA:1095,0
DA:1098,0
DA:1099,0
DA:1100,0
DA:1101,0
DA:1102,0
DA:1104,0
DA:1105,0
DA:1109,0
DA:1110,0
DA:1111,0
DA:1114,0
DA:1117,0
DA:1119,0
DA:1126,1
DA:1127,0
DA:1128,0
DA:1130,0
DA:1131,0
DA:1132,0
DA:1133,0
DA:1135,0
DA:1137,0
DA:1138,0
DA:1139,0
DA:1141,0
DA:1142,0
DA:1143,0
DA:1144,0
DA:1145,0
DA:1146,0
DA:1147,0
DA:1148,0
DA:1149,0
DA:1151,0
DA:1154,0
DA:1159,0
DA:1162,1
LF:449
LH:90
BRDA:114,0,0,0
BRDA:114,0,1,0
BRDA:131,1,0,0
BRDA:131,1,1,0
BRDA:131,2,0,0
BRDA:131,2,1,0
BRDA:131,2,2,0
BRDA:131,2,3,0
BRDA:136,3,0,0
BRDA:136,3,1,0
BRDA:136,4,0,0
BRDA:136,4,1,0
BRDA:136,4,2,0
BRDA:142,5,0,0
BRDA:142,5,1,0
BRDA:142,6,0,0
BRDA:142,6,1,0
BRDA:142,6,2,0
BRDA:147,7,0,0
BRDA:147,7,1,0
BRDA:147,8,0,0
BRDA:147,8,1,0
BRDA:147,8,2,0
BRDA:274,9,0,0
BRDA:274,9,1,0
BRDA:274,10,0,0
BRDA:274,10,1,0
BRDA:276,11,0,0
BRDA:276,11,1,0
BRDA:290,12,0,0
BRDA:290,12,1,0
BRDA:306,13,0,0
BRDA:306,13,1,0
BRDA:317,14,0,0
BRDA:317,14,1,0
BRDA:1148,15,0,0
BRDA:1148,15,1,0
BRDA:1148,16,0,0
BRDA:1148,16,1,0
BRDA:167,17,0,0
BRDA:167,17,1,0
BRDA:174,18,0,0
BRDA:174,18,1,0
BRDA:186,19,0,0
BRDA:186,19,1,0
BRDA:186,19,2,0
BRDA:188,20,0,0
BRDA:188,20,1,0
BRDA:194,21,0,0
BRDA:194,21,1,0
BRDA:215,22,0,0
BRDA:215,22,1,0
BRDA:220,23,0,0
BRDA:220,23,1,0
BRDA:220,23,2,0
BRDA:237,24,0,0
BRDA:237,24,1,0
BRDA:237,25,0,0
BRDA:237,25,1,0
BRDA:242,26,0,0
BRDA:242,26,1,0
BRDA:242,26,2,0
BRDA:258,27,0,0
BRDA:258,27,1,0
BRDA:258,27,2,0
BRDA:258,27,3,0
BRDA:352,28,0,0
BRDA:352,28,1,0
BRDA:353,29,0,0
BRDA:353,29,1,0
BRDA:396,30,0,0
BRDA:396,30,1,0
BRDA:441,31,0,0
BRDA:441,31,1,0
BRDA:491,32,0,0
BRDA:491,32,1,0
BRDA:491,33,0,0
BRDA:491,33,1,0
BRDA:496,34,0,0
BRDA:496,34,1,0
BRDA:526,35,0,0
BRDA:526,35,1,0
BRDA:542,36,0,0
BRDA:542,36,1,0
BRDA:608,37,0,0
BRDA:608,37,1,0
BRDA:608,38,0,0
BRDA:608,38,1,0
BRDA:608,38,2,0
BRDA:652,39,0,0
BRDA:652,39,1,0
BRDA:696,40,0,0
BRDA:696,40,1,0
BRDA:696,41,0,0
BRDA:696,41,1,0
BRDA:697,42,0,0
BRDA:697,42,1,0
BRDA:780,43,0,0
BRDA:780,43,1,0
BRDA:819,44,0,0
BRDA:819,44,1,0
BRDA:836,45,0,0
BRDA:836,45,1,0
BRDA:836,46,0,0
BRDA:836,46,1,0
BRDA:852,47,0,0
BRDA:852,47,1,0
BRDA:994,48,0,0
BRDA:994,48,1,0
BRF:109
BRH:0
end_of_record
TN:
SF:C:\Users\CARBA\git\DeChat_es6b\src\app\services\solid.auth.service.ts
FN:29,AuthService
FN:73,(anonymous_25)
FN:79,(anonymous_26)
FN:100,(anonymous_30)
FNF:4
FNH:0
FNDA:0,AuthService
FNDA:0,(anonymous_25)
FNDA:0,(anonymous_26)
FNDA:0,(anonymous_30)
DA:1,1
DA:2,1
DA:3,1
DA:4,1
DA:19,1
DA:21,0
DA:29,0
DA:30,0
DA:36,0
DA:37,0
DA:45,0
DA:47,0
DA:49,0
DA:52,0
DA:54,0
DA:61,0
DA:63,0
DA:65,0
DA:67,0
DA:69,0
DA:73,0
DA:74,0
DA:75,0
DA:79,0
DA:80,0
DA:88,0
DA:89,0
DA:100,1
DA:120,0
DA:126,1
LF:30
LH:7
BRDA:74,0,0,0
BRDA:74,0,1,0
BRF:2
BRH:0
end_of_record
TN:
SF:C:\Users\CARBA\git\DeChat_es6b\src\app\services\utils.service.ts
FN:23,UtilsService
FN:29,(anonymous_4)
FN:46,(anonymous_5)
FN:89,(anonymous_6)
FN:119,(anonymous_7)
FNF:5
FNH:4
FNDA:2,UtilsService
FNDA:7,(anonymous_4)
FNDA:4,(anonymous_5)
FNDA:3,(anonymous_6)
FNDA:0,(anonymous_7)
DA:1,1
DA:7,1
DA:8,2
DA:9,2
DA:20,2
DA:29,1
DA:30,7
DA:31,7
DA:33,7
DA:46,1
DA:48,4
DA:49,4
DA:50,4
DA:52,4
DA:56,4
DA:57,1
DA:58,1
DA:59,1
DA:61,3
DA:62,1
DA:63,1
DA:64,1
DA:66,2
DA:67,1
DA:68,1
DA:69,1
DA:72,1
DA:73,1
DA:74,1
DA:75,1
DA:78,4
DA:89,1
DA:104,3
DA:105,1
DA:109,2
DA:110,1
DA:113,1
DA:119,1
DA:120,0
DA:121,0
DA:122,0
DA:123,0
DA:125,0
DA:127,0
DA:128,0
DA:129,0
DA:130,0
DA:132,0
DA:135,1
LF:49
LH:39
BRDA:33,0,0,7
BRDA:33,0,1,0
BRDA:56,1,0,1
BRDA:56,1,1,3
BRDA:61,2,0,1
BRDA:61,2,1,2
BRDA:66,3,0,1
BRDA:66,3,1,1
BRDA:104,4,0,1
BRDA:104,4,1,2
BRDA:109,5,0,1
BRDA:109,5,1,1
BRDA:122,6,0,0
BRDA:122,6,1,0
BRF:14
BRH:11
end_of_record
